18:20:13: Creating resource group General
18:20:13: Creating resource group Internal
18:20:13: Creating resource group Autodetect
18:20:13: SceneManagerFactory for type 'DefaultSceneManager' registered.
18:20:13: Registering ResourceManager for type Material
18:20:13: Registering ResourceManager for type Mesh
18:20:13: Registering ResourceManager for type Skeleton
18:20:13: MovableObjectFactory for type 'ParticleSystem' registered.
18:20:13: OverlayElementFactory for type Panel registered.
18:20:13: OverlayElementFactory for type BorderPanel registered.
18:20:13: OverlayElementFactory for type TextArea registered.
18:20:13: Registering ResourceManager for type Font
18:20:13: ArchiveFactory for archive type FileSystem registered.
18:20:13: ArchiveFactory for archive type Zip registered.
18:20:13: ArchiveFactory for archive type EmbeddedZip registered.
18:20:13: DDS codec registering
18:20:13: FreeImage version: 3.15.3
18:20:13: This program uses FreeImage, a free, open source image library supporting all common bitmap formats. See http://freeimage.sourceforge.net for details
18:20:13: Supported formats: bmp,ico,jpg,jif,jpeg,jpe,jng,koa,iff,lbm,mng,pbm,pbm,pcd,pcx,pgm,pgm,png,ppm,ppm,ras,tga,targa,tif,tiff,wap,wbmp,wbm,psd,cut,xbm,xpm,gif,hdr,g3,sgi,exr,j2k,j2c,jp2,pfm,pct,pict,pic,3fr,arw,bay,bmq,cap,cine,cr2,crw,cs1,dc2,dcr,drf,dsc,dng,erf,fff,ia,iiq,k25,kc2,kdc,mdc,mef,mos,mrw,nef,nrw,orf,pef,ptx,pxn,qtk,raf,raw,rdc,rw2,rwl,rwz,sr2,srf,srw,sti
18:20:13: Registering ResourceManager for type HighLevelGpuProgram
18:20:13: Registering ResourceManager for type Compositor
18:20:13: MovableObjectFactory for type 'Entity' registered.
18:20:13: MovableObjectFactory for type 'Light' registered.
18:20:13: MovableObjectFactory for type 'BillboardSet' registered.
18:20:13: MovableObjectFactory for type 'ManualObject' registered.
18:20:13: MovableObjectFactory for type 'BillboardChain' registered.
18:20:13: MovableObjectFactory for type 'RibbonTrail' registered.
18:20:13: Loading library .\RenderSystem_Direct3D9_d
18:20:13: Installing plugin: D3D9 RenderSystem
18:20:13: D3D9 : Direct3D9 Rendering Subsystem created.
18:20:13: D3D9: Driver Detection Starts
18:20:13: D3D9: Driver Detection Ends
18:20:13: Plugin successfully installed
18:20:13: Loading library .\RenderSystem_GL_d
18:20:13: Installing plugin: GL RenderSystem
18:20:13: OpenGL Rendering Subsystem created.
18:20:15: Plugin successfully installed
18:20:15: Loading library .\Plugin_ParticleFX_d
18:20:15: Installing plugin: ParticleFX
18:20:15: Particle Emitter Type 'Point' registered
18:20:15: Particle Emitter Type 'Box' registered
18:20:15: Particle Emitter Type 'Ellipsoid' registered
18:20:15: Particle Emitter Type 'Cylinder' registered
18:20:15: Particle Emitter Type 'Ring' registered
18:20:15: Particle Emitter Type 'HollowEllipsoid' registered
18:20:15: Particle Affector Type 'LinearForce' registered
18:20:15: Particle Affector Type 'ColourFader' registered
18:20:15: Particle Affector Type 'ColourFader2' registered
18:20:15: Particle Affector Type 'ColourImage' registered
18:20:15: Particle Affector Type 'ColourInterpolator' registered
18:20:15: Particle Affector Type 'Scaler' registered
18:20:15: Particle Affector Type 'Rotator' registered
18:20:15: Particle Affector Type 'DirectionRandomiser' registered
18:20:15: Particle Affector Type 'DeflectorPlane' registered
18:20:15: Plugin successfully installed
18:20:15: Loading library .\Plugin_BSPSceneManager_d
18:20:15: Installing plugin: BSP Scene Manager
18:20:15: Plugin successfully installed
18:20:15: Loading library .\Plugin_CgProgramManager_d
18:20:15: Installing plugin: Cg Program Manager
18:20:15: Plugin successfully installed
18:20:15: Loading library .\Plugin_PCZSceneManager_d
18:20:15: Installing plugin: Portal Connected Zone Scene Manager
18:20:15: PCZone Factory Type 'ZoneType_Default' registered
18:20:15: Plugin successfully installed
18:20:15: Loading library .\Plugin_OctreeZone_d
18:20:15: Installing plugin: Octree Zone Factory
18:20:15: Plugin successfully installed
18:20:15: Loading library .\Plugin_OctreeSceneManager_d
18:20:15: Installing plugin: Octree Scene Manager
18:20:15: Plugin successfully installed
18:20:15: *-*-* OGRE Initialising
18:20:15: *-*-* Version 1.8.1 (Byatis)
18:20:15: D3D9 : RenderSystem Option: Allow NVPerfHUD = No
18:20:15: D3D9 : RenderSystem Option: FSAA = 0
18:20:15: D3D9 : RenderSystem Option: Fixed Pipeline Enabled = Yes
18:20:15: D3D9 : RenderSystem Option: Floating-point mode = Fastest
18:20:15: D3D9 : RenderSystem Option: Full Screen = No
18:20:15: D3D9 : RenderSystem Option: Multi device memory hint = Use minimum system memory
18:20:15: D3D9 : RenderSystem Option: Rendering Device = Monitor-1-Intel(R) HD Graphics 4000
18:20:15: D3D9 : RenderSystem Option: Resource Creation Policy = Create on all devices
18:20:15: D3D9 : RenderSystem Option: Use Multihead = Auto
18:20:15: D3D9 : RenderSystem Option: VSync = No
18:20:15: D3D9 : RenderSystem Option: VSync Interval = 1
18:20:15: D3D9 : RenderSystem Option: Video Mode = 800 x 600 @ 32-bit colour
18:20:15: D3D9 : RenderSystem Option: sRGB Gamma Conversion = No
18:20:17: CPU Identifier & Features
18:20:17: -------------------------
18:20:17:  *   CPU ID: GenuineIntel: Intel(R) Core(TM) i7-3517U CPU @ 1.90GHz
18:20:17:  *      SSE: yes
18:20:17:  *     SSE2: yes
18:20:17:  *     SSE3: yes
18:20:17:  *      MMX: yes
18:20:17:  *   MMXEXT: yes
18:20:17:  *    3DNOW: no
18:20:17:  * 3DNOWEXT: no
18:20:17:  *     CMOV: yes
18:20:17:  *      TSC: yes
18:20:17:  *      FPU: yes
18:20:17:  *      PRO: yes
18:20:17:  *       HT: no
18:20:17: -------------------------
18:20:17: D3D9 : Subsystem Initialising
18:20:17: Registering ResourceManager for type Texture
18:20:17: Registering ResourceManager for type GpuProgram
18:20:17: D3D9RenderSystem::_createRenderWindow "Window de test", 800x600 windowed  miscParams: FSAA=0 FSAAHint= colourDepth=32 gamma=false monitorIndex=0 useNVPerfHUD=false vsync=false vsyncInterval=1 
18:20:17: D3D9 : Created D3D9 Rendering Window 'Window de test' : 800x600, 32bpp
18:20:17: D3D9 : WARNING - disabling VSync in windowed mode can cause timing issues at lower frame rates, turn VSync on if you observe this problem.
18:20:17: D3D9: Vertex texture format supported - PF_L8
18:20:17: D3D9: Vertex texture format supported - PF_L16
18:20:17: D3D9: Vertex texture format supported - PF_A8
18:20:17: D3D9: Vertex texture format supported - PF_A4L4
18:20:17: D3D9: Vertex texture format supported - PF_BYTE_LA
18:20:17: D3D9: Vertex texture format supported - PF_R5G6B5
18:20:17: D3D9: Vertex texture format supported - PF_B5G6R5
18:20:17: D3D9: Vertex texture format supported - PF_A4R4G4B4
18:20:17: D3D9: Vertex texture format supported - PF_A1R5G5B5
18:20:17: D3D9: Vertex texture format supported - PF_A8R8G8B8
18:20:17: D3D9: Vertex texture format supported - PF_B8G8R8A8
18:20:17: D3D9: Vertex texture format supported - PF_A2R10G10B10
18:20:17: D3D9: Vertex texture format supported - PF_A2B10G10R10
18:20:17: D3D9: Vertex texture format supported - PF_DXT1
18:20:17: D3D9: Vertex texture format supported - PF_DXT2
18:20:17: D3D9: Vertex texture format supported - PF_DXT3
18:20:17: D3D9: Vertex texture format supported - PF_DXT4
18:20:17: D3D9: Vertex texture format supported - PF_DXT5
18:20:17: D3D9: Vertex texture format supported - PF_FLOAT16_RGB
18:20:17: D3D9: Vertex texture format supported - PF_FLOAT16_RGBA
18:20:17: D3D9: Vertex texture format supported - PF_FLOAT32_RGB
18:20:17: D3D9: Vertex texture format supported - PF_FLOAT32_RGBA
18:20:17: D3D9: Vertex texture format supported - PF_X8R8G8B8
18:20:17: D3D9: Vertex texture format supported - PF_R8G8B8A8
18:20:17: D3D9: Vertex texture format supported - PF_DEPTH
18:20:17: D3D9: Vertex texture format supported - PF_SHORT_RGBA
18:20:17: D3D9: Vertex texture format supported - PF_FLOAT16_R
18:20:17: D3D9: Vertex texture format supported - PF_FLOAT32_R
18:20:17: D3D9: Vertex texture format supported - PF_SHORT_GR
18:20:17: D3D9: Vertex texture format supported - PF_FLOAT16_GR
18:20:17: D3D9: Vertex texture format supported - PF_FLOAT32_GR
18:20:17: D3D9: Vertex texture format supported - PF_SHORT_RGB
18:20:17: D3D9: Vertex texture format supported - PF_PVRTC_RGB2
18:20:17: D3D9: Vertex texture format supported - PF_PVRTC_RGBA2
18:20:17: D3D9: Vertex texture format supported - PF_PVRTC_RGB4
18:20:17: D3D9: Vertex texture format supported - PF_PVRTC_RGBA4
18:20:17: D3D9: Vertex texture format supported - PF_R8
18:20:17: D3D9: Vertex texture format supported - PF_RG8
18:20:17: RenderSystem capabilities
18:20:17: -------------------------
18:20:17: RenderSystem Name: Direct3D9 Rendering Subsystem
18:20:17: GPU Vendor: intel
18:20:17: Device Name: Monitor-1-Intel(R) HD Graphics 4000
18:20:17: Driver Version: 9.18.13.697
18:20:17:  * Fixed function pipeline: yes
18:20:17:  * Hardware generation of mipmaps: yes
18:20:17:  * Texture blending: yes
18:20:17:  * Anisotropic texture filtering: yes
18:20:17:  * Dot product texture operation: yes
18:20:17:  * Cube mapping: yes
18:20:17:  * Hardware stencil buffer: yes
18:20:17:    - Stencil depth: 8
18:20:17:    - Two sided stencil support: yes
18:20:17:    - Wrap stencil values: yes
18:20:17:  * Hardware vertex / index buffers: yes
18:20:17:  * Vertex programs: yes
18:20:17:  * Number of floating-point constants for vertex programs: 256
18:20:17:  * Number of integer constants for vertex programs: 16
18:20:17:  * Number of boolean constants for vertex programs: 16
18:20:17:  * Fragment programs: yes
18:20:17:  * Number of floating-point constants for fragment programs: 224
18:20:17:  * Number of integer constants for fragment programs: 16
18:20:17:  * Number of boolean constants for fragment programs: 16
18:20:17:  * Geometry programs: no
18:20:17:  * Number of floating-point constants for geometry programs: 0
18:20:17:  * Number of integer constants for geometry programs: 0
18:20:17:  * Number of boolean constants for geometry programs: 0
18:20:17:  * Supported Shader Profiles: hlsl ps_1_1 ps_1_2 ps_1_3 ps_1_4 ps_2_0 ps_2_a ps_2_b ps_2_x ps_3_0 vs_1_1 vs_2_0 vs_2_a vs_2_x vs_3_0
18:20:17:  * Texture Compression: yes
18:20:17:    - DXT: yes
18:20:17:    - VTC: no
18:20:17:    - PVRTC: no
18:20:17:  * Scissor Rectangle: yes
18:20:17:  * Hardware Occlusion Query: yes
18:20:17:  * User clip planes: yes
18:20:17:  * VET_UBYTE4 vertex element type: yes
18:20:17:  * Infinite far plane projection: yes
18:20:17:  * Hardware render-to-texture: yes
18:20:17:  * Floating point textures: yes
18:20:17:  * Non-power-of-two textures: yes
18:20:17:  * Volume textures: yes
18:20:17:  * Multiple Render Targets: 4
18:20:17:    - With different bit depths: yes
18:20:17:  * Point Sprites: yes
18:20:17:  * Extended point parameters: yes
18:20:17:  * Max Point Size: 256
18:20:17:  * Vertex texture fetch: yes
18:20:17:  * Number of world matrices: 0
18:20:17:  * Number of texture units: 8
18:20:17:  * Stencil buffer depth: 8
18:20:17:  * Number of vertex blend matrices: 0
18:20:17:    - Max vertex textures: 4
18:20:17:    - Vertex textures shared: no
18:20:17:  * Render to Vertex Buffer : no
18:20:17:  * DirectX per stage constants: yes
18:20:17: ***************************************
18:20:17: *** D3D9 : Subsystem Initialised OK ***
18:20:17: ***************************************
18:20:17: DefaultWorkQueue('Root') initialising on thread 00F56C68.
18:20:17: Particle Renderer Type 'billboard' registered
18:20:17: DefaultWorkQueue('Root')::WorkerFunc - thread 03E49370 starting.
18:20:17: DefaultWorkQueue('Root')::WorkerFunc - thread 03E49448 starting.
18:20:17: DefaultWorkQueue('Root')::WorkerFunc - thread 03E49178 starting.
18:20:17: DefaultWorkQueue('Root')::WorkerFunc - thread 03C7CCE0 starting.
18:20:17: SceneManagerFactory for type 'BspSceneManager' registered.
18:20:17: Registering ResourceManager for type BspLevel
18:20:17: SceneManagerFactory for type 'PCZSceneManager' registered.
18:20:17: MovableObjectFactory for type 'PCZLight' registered.
18:20:17: MovableObjectFactory for type 'Portal' registered.
18:20:17: MovableObjectFactory for type 'AntiPortal' registered.
18:20:17: PCZone Factory Type 'ZoneType_Octree' registered
18:20:17: SceneManagerFactory for type 'OctreeSceneManager' registered.
